<?xml version="1.0" encoding="UTF-8"?>
<testng-results ignored="0" total="2" passed="2" failed="0" skipped="0">
  <reporter-output>
  </reporter-output>
  <suite started-at="2018-11-26T20:06:53Z" name="TestNGSuite" finished-at="2018-11-26T20:07:44Z" duration-ms="50791">
    <groups>
    </groups>
    <test started-at="2018-11-26T20:06:53Z" name="TestyHeroKuApp" finished-at="2018-11-26T20:07:44Z" duration-ms="50791">
      <class name="testy.NumberOne">
        <test-method is-config="true" signature="beforeClass()[pri:0, instance:testy.NumberOne@e8fadb0]" started-at="2018-11-26T20:07:29Z" name="beforeClass" finished-at="2018-11-26T20:07:29Z" duration-ms="1" status="PASS">
          <reporter-output>
          </reporter-output>
        </test-method> <!-- beforeClass -->
        <test-method is-config="true" signature="beforeTest()[pri:0, instance:testy.NumberOne@e8fadb0]" started-at="2018-11-26T20:07:29Z" name="beforeTest" finished-at="2018-11-26T20:07:41Z" duration-ms="11089" status="PASS">
          <reporter-output>
          </reporter-output>
        </test-method> <!-- beforeTest -->
        <test-method signature="myTest()[pri:0, instance:testy.NumberOne@e8fadb0]" started-at="2018-11-26T20:07:41Z" name="myTest" finished-at="2018-11-26T20:07:41Z" duration-ms="149" status="PASS">
          <reporter-output>
          </reporter-output>
        </test-method> <!-- myTest -->
        <test-method is-config="true" signature="afterTest()[pri:0, instance:testy.NumberOne@e8fadb0]" started-at="2018-11-26T20:07:41Z" name="afterTest" finished-at="2018-11-26T20:07:44Z" duration-ms="2875" status="PASS">
          <reporter-output>
          </reporter-output>
        </test-method> <!-- afterTest -->
      </class> <!-- testy.NumberOne -->
      <class name="testy.CheckboxesTest">
        <test-method is-config="true" signature="beforeClass()[pri:0, instance:testy.CheckboxesTest@203dd56b]" started-at="2018-11-26T20:06:53Z" name="beforeClass" finished-at="2018-11-26T20:06:53Z" duration-ms="90" status="PASS">
          <reporter-output>
          </reporter-output>
        </test-method> <!-- beforeClass -->
        <test-method is-config="true" signature="beforeTest()[pri:0, instance:testy.CheckboxesTest@203dd56b]" started-at="2018-11-26T20:06:53Z" name="beforeTest" finished-at="2018-11-26T20:07:25Z" duration-ms="31770" status="PASS">
          <reporter-output>
          </reporter-output>
        </test-method> <!-- beforeTest -->
        <test-method signature="checkboxesTest()[pri:0, instance:testy.CheckboxesTest@203dd56b]" started-at="2018-11-26T20:07:25Z" name="checkboxesTest" finished-at="2018-11-26T20:07:29Z" duration-ms="3357" status="PASS">
          <reporter-output>
          </reporter-output>
        </test-method> <!-- checkboxesTest -->
        <test-method is-config="true" signature="afterTest()[pri:0, instance:testy.CheckboxesTest@203dd56b]" started-at="2018-11-26T20:07:29Z" name="afterTest" finished-at="2018-11-26T20:07:29Z" duration-ms="869" status="PASS">
          <reporter-output>
          </reporter-output>
        </test-method> <!-- afterTest -->
      </class> <!-- testy.CheckboxesTest -->
    </test> <!-- TestyHeroKuApp -->
  </suite> <!-- TestNGSuite -->
</testng-results>
